<?xml version="1.0" encoding="UTF-8"?>
<!-- Generated by org.testng.reporters.JUnitReportReporter -->
<testsuite skipped="2" hostname="User" name="com.w2a.testcases.RNTLoginTest" tests="16" failures="0" timestamp="2019-11-29T15:45:48 IST" time="50.080" errors="0">
  <testcase name="URLTest" time="5.335" classname="com.w2a.testcases.RNTLoginTest"/>
  <testcase name="URLgetTitle" time="0.519" classname="com.w2a.testcases.RNTLoginTest"/>
  <testcase name="ErrorMsgLogin" time="3.088" classname="com.w2a.testcases.RNTLoginTest"/>
  <testcase name="ShowEnties_ListofEmp" time="16.469" classname="com.w2a.testcases.RNTLoginTest"/>
  <testcase name="Search_ListofEmp" time="5.413" classname="com.w2a.testcases.RNTLoginTest"/>
  <testcase name="ViewProfileMenuTray" time="1.381" classname="com.w2a.testcases.RNTLoginTest"/>
  <testcase name="CheckPresenceofPagename" time="0.039" classname="com.w2a.testcases.RNTLoginTest"/>
  <testcase name="ViewProfileEducation" time="0.073" classname="com.w2a.testcases.RNTLoginTest"/>
  <testcase name="ViewProfileExperience" time="0.579" classname="com.w2a.testcases.RNTLoginTest"/>
  <testcase name="VerifyHomeLink" time="3.670" classname="com.w2a.testcases.RNTLoginTest"/>
  <testcase name="VerifyRMSLink" time="1.018" classname="com.w2a.testcases.RNTLoginTest"/>
  <testcase name="Back_to_HomePage" time="3.978" classname="com.w2a.testcases.RNTLoginTest"/>
  <testcase name="View_Profile_Picture" time="0.685" classname="com.w2a.testcases.RNTLoginTest"/>
  <testcase name="Logo_Validation" time="7.833" classname="com.w2a.testcases.RNTLoginTest"/>
  <testcase name="updateprofilepicture" classname="com.w2a.testcases.RNTLoginTest">
    <skipped/>
  </testcase> <!-- updateprofilepicture -->
  <testcase name="ChangePassword" classname="com.w2a.testcases.RNTLoginTest">
    <skipped/>
  </testcase> <!-- ChangePassword -->
</testsuite> <!-- com.w2a.testcases.RNTLoginTest -->
